# JRE version: OpenJDK Runtime Environment Temurin-17.0.9+9 (17.0.9+9) (build 17.0.9+9)
# Java VM: OpenJDK 64-Bit Server VM Temurin-17.0.9+9 (17.0.9+9, mixed mode, emulated-client, tiered, compressed oops, compressed class ptrs, g1 gc, windows-amd64)
GC Precious Log:
 CPUs: 8 total, 8 available
 Memory: 16107M
 Large Page Support: Disabled
 NUMA Support: Disabled
 Compressed Oops: Enabled (32-bit)
 Heap Region Size: 1M
 Heap Min Capacity: 8M
 Heap Initial Capacity: 252M
 Heap Max Capacity: 1G
 Pre-touch: Disabled
 Parallel Workers: 8
 Concurrent Workers: 2
 Concurrent Refinement Workers: 8
 Periodic GC: Disabled
Heap:
 garbage-first heap   total 87040K, used 35151K [0x00000000c0000000, 0x0000000100000000)
  region size 1024K, 1 young (1024K), 0 survivors (0K)
 Metaspace       used 59565K, committed 59968K, reserved 1114112K
  class space    used 7425K, committed 7616K, reserved 1048576K
GC Heap History (20 events):
Event: 933102.526 GC heap before
{Heap before GC invocations=7573 (full 7472):
 garbage-first heap   total 87040K, used 35151K [0x00000000c0000000, 0x0000000100000000)
  region size 1024K, 1 young (1024K), 0 survivors (0K)
 Metaspace       used 59565K, committed 59968K, reserved 1114112K
  class space    used 7425K, committed 7616K, reserved 1048576K
}
Event: 933102.563 GC heap after
{Heap after GC invocations=7574 (full 7473):
 garbage-first heap   total 87040K, used 35151K [0x00000000c0000000, 0x0000000100000000)
  region size 1024K, 0 young (0K), 0 survivors (0K)
 Metaspace       used 59565K, committed 59968K, reserved 1114112K
  class space    used 7425K, committed 7616K, reserved 1048576K
}
Event: 933112.892 GC heap before
{Heap before GC invocations=7574 (full 7473):
 garbage-first heap   total 87040K, used 35151K [0x00000000c0000000, 0x0000000100000000)
  region size 1024K, 1 young (1024K), 0 survivors (0K)
 Metaspace       used 59565K, committed 59968K, reserved 1114112K
  class space    used 7425K, committed 7616K, reserved 1048576K
}
Event: 933112.932 GC heap after
{Heap after GC invocations=7575 (full 7474):
 garbage-first heap   total 87040K, used 35151K [0x00000000c0000000, 0x0000000100000000)
  region size 1024K, 0 young (0K), 0 survivors (0K)
 Metaspace       used 59565K, committed 59968K, reserved 1114112K
  class space    used 7425K, committed 7616K, reserved 1048576K
}
Event: 933124.435 GC heap before
{Heap before GC invocations=7575 (full 7474):
 garbage-first heap   total 87040K, used 35151K [0x00000000c0000000, 0x0000000100000000)
  region size 1024K, 1 young (1024K), 0 survivors (0K)
 Metaspace       used 59565K, committed 59968K, reserved 1114112K
  class space    used 7425K, committed 7616K, reserved 1048576K
}
Event: 933124.493 GC heap after
{Heap after GC invocations=7576 (full 7475):
 garbage-first heap   total 87040K, used 35151K [0x00000000c0000000, 0x0000000100000000)
  region size 1024K, 0 young (0K), 0 survivors (0K)
 Metaspace       used 59565K, committed 59968K, reserved 1114112K
  class space    used 7425K, committed 7616K, reserved 1048576K
}
Event: 933135.141 GC heap before
{Heap before GC invocations=7576 (full 7475):
 garbage-first heap   total 87040K, used 35151K [0x00000000c0000000, 0x0000000100000000)
  region size 1024K, 1 young (1024K), 0 survivors (0K)
 Metaspace       used 59565K, committed 59968K, reserved 1114112K
  class space    used 7425K, committed 7616K, reserved 1048576K
}
Event: 933135.197 GC heap after
{Heap after GC invocations=7577 (full 7476):
 garbage-first heap   total 87040K, used 35151K [0x00000000c0000000, 0x0000000100000000)
  region size 1024K, 0 young (0K), 0 survivors (0K)
 Metaspace       used 59565K, committed 59968K, reserved 1114112K
  class space    used 7425K, committed 7616K, reserved 1048576K
}
Event: 933146.253 GC heap before
{Heap before GC invocations=7577 (full 7476):
 garbage-first heap   total 87040K, used 35151K [0x00000000c0000000, 0x0000000100000000)
  region size 1024K, 1 young (1024K), 0 survivors (0K)
 Metaspace       used 59565K, committed 59968K, reserved 1114112K
  class space    used 7425K, committed 7616K, reserved 1048576K
}
Event: 933146.316 GC heap after
{Heap after GC invocations=7578 (full 7477):
 garbage-first heap   total 87040K, used 35151K [0x00000000c0000000, 0x0000000100000000)
  region size 1024K, 0 young (0K), 0 survivors (0K)
 Metaspace       used 59565K, committed 59968K, reserved 1114112K
  class space    used 7425K, committed 7616K, reserved 1048576K
}
Event: 933159.274 GC heap before
{Heap before GC invocations=7578 (full 7477):
 garbage-first heap   total 87040K, used 35151K [0x00000000c0000000, 0x0000000100000000)
  region size 1024K, 1 young (1024K), 0 survivors (0K)
 Metaspace       used 59565K, committed 59968K, reserved 1114112K
  class space    used 7425K, committed 7616K, reserved 1048576K
}
Event: 933159.323 GC heap after
{Heap after GC invocations=7579 (full 7478):
 garbage-first heap   total 87040K, used 35151K [0x00000000c0000000, 0x0000000100000000)
  region size 1024K, 0 young (0K), 0 survivors (0K)
 Metaspace       used 59565K, committed 59968K, reserved 1114112K
  class space    used 7425K, committed 7616K, reserved 1048576K
}
Event: 933170.460 GC heap before
{Heap before GC invocations=7579 (full 7478):
 garbage-first heap   total 87040K, used 35151K [0x00000000c0000000, 0x0000000100000000)
  region size 1024K, 1 young (1024K), 0 survivors (0K)
 Metaspace       used 59565K, committed 59968K, reserved 1114112K
  class space    used 7425K, committed 7616K, reserved 1048576K
}
Event: 933170.498 GC heap after
{Heap after GC invocations=7580 (full 7479):
 garbage-first heap   total 87040K, used 35151K [0x00000000c0000000, 0x0000000100000000)
  region size 1024K, 0 young (0K), 0 survivors (0K)
 Metaspace       used 59565K, committed 59968K, reserved 1114112K
  class space    used 7425K, committed 7616K, reserved 1048576K
}
Event: 933181.674 GC heap before
{Heap before GC invocations=7580 (full 7479):
 garbage-first heap   total 87040K, used 35151K [0x00000000c0000000, 0x0000000100000000)
  region size 1024K, 1 young (1024K), 0 survivors (0K)
 Metaspace       used 59565K, committed 59968K, reserved 1114112K
  class space    used 7425K, committed 7616K, reserved 1048576K
}
Event: 933181.714 GC heap after
{Heap after GC invocations=7581 (full 7480):
 garbage-first heap   total 87040K, used 35151K [0x00000000c0000000, 0x0000000100000000)
  region size 1024K, 0 young (0K), 0 survivors (0K)
 Metaspace       used 59565K, committed 59968K, reserved 1114112K
  class space    used 7425K, committed 7616K, reserved 1048576K
}
Event: 933192.981 GC heap before
{Heap before GC invocations=7581 (full 7480):
 garbage-first heap   total 87040K, used 35151K [0x00000000c0000000, 0x0000000100000000)
  region size 1024K, 1 young (1024K), 0 survivors (0K)
 Metaspace       used 59565K, committed 59968K, reserved 1114112K
  class space    used 7425K, committed 7616K, reserved 1048576K
}
Event: 933193.049 GC heap after
{Heap after GC invocations=7582 (full 7481):
 garbage-first heap   total 87040K, used 35151K [0x00000000c0000000, 0x0000000100000000)
  region size 1024K, 0 young (0K), 0 survivors (0K)
 Metaspace       used 59565K, committed 59968K, reserved 1114112K
  class space    used 7425K, committed 7616K, reserved 1048576K
}
Event: 933203.822 GC heap before
{Heap before GC invocations=7582 (full 7481):
 garbage-first heap   total 87040K, used 35151K [0x00000000c0000000, 0x0000000100000000)
  region size 1024K, 1 young (1024K), 0 survivors (0K)
 Metaspace       used 59565K, committed 59968K, reserved 1114112K
  class space    used 7425K, committed 7616K, reserved 1048576K
}
Event: 933203.864 GC heap after
{Heap after GC invocations=7583 (full 7482):
 garbage-first heap   total 87040K, used 35151K [0x00000000c0000000, 0x0000000100000000)
  region size 1024K, 0 young (0K), 0 survivors (0K)
 Metaspace       used 59565K, committed 59968K, reserved 1114112K
  class space    used 7425K, committed 7616K, reserved 1048576K
}

